<?xml version="1.0" encoding="UTF-8"?>
<!-- Generated by org.testng.reporters.JUnitXMLReporter -->
<testsuite ignored="0" hostname="Jatin" failures="0" tests="3" name="Test" time="16.631" errors="0" timestamp="2023-09-12T00:44:57 IST">
  <testcase classname="JavaSeleniumsessions.Session33_TestNGParallelTestingDemo1" name="Verifylogo" time="10.012"/>
  <testcase classname="JavaSeleniumsessions.Session33_TestNGParallelTestingDemo2" name="logintitle" time="11.539"/>
  <testcase classname="JavaSeleniumsessions.Session33_TestNGParallelTestingDemo1" name="verifyTitle" time="6.558"/>
</testsuite> <!-- Test -->
