<?xml version="1.0" encoding="UTF-8"?>
<!-- Generated by org.testng.reporters.JUnitXMLReporter -->
<testsuite ignored="0" hostname="Jatin" failures="0" tests="5" name="Functional Testing" time="0.105" errors="0" timestamp="2023-08-19T00:55:42 IST">
  <testcase classname="Session36BatchTesting.PaymentTest" name="CashOnDelivery" time="0.012"/>
  <testcase classname="Session36BatchTesting.PaymentTest" name="Netbanking" time="0.003"/>
  <testcase classname="Session36BatchTesting.ProductPageTest" name="AddProductToCart" time="0.003"/>
  <testcase classname="Session36BatchTesting.ProductPageTest" name="AddProductToWishList" time="0.002"/>
  <testcase classname="Session36BatchTesting.ProductPageTest" name="SelectQuantity" time="0.002"/>
</testsuite> <!-- Functional Testing -->
