<?xml version="1.0" encoding="UTF-8"?>
<!-- Generated by org.testng.reporters.JUnitXMLReporter -->
<testsuite ignored="0" hostname="Jatin" failures="0" tests="5" name="Sanity Testing" time="0.025" errors="0" timestamp="2023-08-19T00:55:42 IST">
  <testcase classname="Session36BatchTesting.LoginTest" name="LoginByEmailId" time="0.004"/>
  <testcase classname="Session36BatchTesting.LoginTest" name="LoginbyMobileNumer" time="0.002"/>
  <testcase classname="Session36BatchTesting.HomeScreen" name="LaunchApplication" time="0.001"/>
  <testcase classname="Session36BatchTesting.HomeScreen" name="VerifyLogo" time="0.002"/>
  <testcase classname="Session36BatchTesting.HomeScreen" name="VerifyTitle" time="0.001"/>
</testsuite> <!-- Sanity Testing -->
