<?xml version="1.0" encoding="UTF-8"?>
<testng-results ignored="0" total="2" passed="1" failed="1" skipped="0">
  <reporter-output>
  </reporter-output>
  <suite started-at="2024-05-28T03:51:16 IST" name="Default suite" finished-at="2024-05-28T03:51:36 IST" duration-ms="19564">
    <groups>
    </groups>
    <test started-at="2024-05-28T03:51:16 IST" name="Default test" finished-at="2024-05-28T03:51:36 IST" duration-ms="19564">
      <class name="Session49_ExtentReport.ConfigExtentReport">
        <test-method is-config="true" signature="initExtentReport()[pri:0, instance:Session49_ExtentReport.ConfigExtentReport@f78a47e]" started-at="2024-05-28T03:51:16 IST" name="initExtentReport" finished-at="2024-05-28T03:51:17 IST" duration-ms="507" status="PASS">
          <reporter-output>
          </reporter-output>
        </test-method> <!-- initExtentReport -->
        <test-method signature="Logintest()[pri:0, instance:Session49_ExtentReport.ConfigExtentReport@f78a47e]" started-at="2024-05-28T03:51:17 IST" name="Logintest" finished-at="2024-05-28T03:51:25 IST" duration-ms="7947" status="PASS">
          <reporter-output>
          </reporter-output>
        </test-method> <!-- Logintest -->
        <test-method is-config="true" signature="GetResult(org.testng.ITestResult)[pri:0, instance:Session49_ExtentReport.ConfigExtentReport@f78a47e]" started-at="2024-05-28T03:51:25 IST" name="GetResult" finished-at="2024-05-28T03:51:25 IST" duration-ms="323" status="PASS">
          <params>
            <param index="0">
              <value>
                <![CDATA[[TestResult name=Logintest status=SUCCESS method=ConfigExtentReport.Logintest()[pri:0, instance:Session49_ExtentReport.ConfigExtentReport@f78a47e] output={null}]]]>
              </value>
            </param>
          </params>
          <reporter-output>
          </reporter-output>
        </test-method> <!-- GetResult -->
        <test-method signature="Logintest2()[pri:0, instance:Session49_ExtentReport.ConfigExtentReport@f78a47e]" started-at="2024-05-28T03:51:25 IST" name="Logintest2" finished-at="2024-05-28T03:51:31 IST" duration-ms="6009" status="FAIL">
          <exception class="java.lang.AssertionError">
            <message>
              <![CDATA[expected [Swag Lab] but found [Swag Labs]]]>
            </message>
            <full-stacktrace>
              <![CDATA[java.lang.AssertionError: expected [Swag Lab] but found [Swag Labs]
at org.testng.Assert.fail(Assert.java:99)
at org.testng.Assert.failNotEquals(Assert.java:1037)
at org.testng.Assert.assertEqualsImpl(Assert.java:140)
at org.testng.Assert.assertEquals(Assert.java:122)
at org.testng.Assert.assertEquals(Assert.java:629)
at org.testng.Assert.assertEquals(Assert.java:639)
at Session49_ExtentReport.ConfigExtentReport.Logintest2(ConfigExtentReport.java:68)
at java.base/jdk.internal.reflect.NativeMethodAccessorImpl.invoke0(Native Method)
at java.base/jdk.internal.reflect.NativeMethodAccessorImpl.invoke(NativeMethodAccessorImpl.java:77)
at java.base/jdk.internal.reflect.DelegatingMethodAccessorImpl.invoke(DelegatingMethodAccessorImpl.java:43)
at java.base/java.lang.reflect.Method.invoke(Method.java:568)
at org.testng.internal.MethodInvocationHelper.invokeMethod(MethodInvocationHelper.java:133)
at org.testng.internal.TestInvoker.invokeMethod(TestInvoker.java:598)
at org.testng.internal.TestInvoker.invokeTestMethod(TestInvoker.java:173)
at org.testng.internal.MethodRunner.runInSequence(MethodRunner.java:46)
at org.testng.internal.TestInvoker$MethodInvocationAgent.invoke(TestInvoker.java:824)
at org.testng.internal.TestInvoker.invokeTestMethods(TestInvoker.java:146)
at org.testng.internal.TestMethodWorker.invokeTestMethods(TestMethodWorker.java:146)
at org.testng.internal.TestMethodWorker.run(TestMethodWorker.java:128)
at java.base/java.util.ArrayList.forEach(ArrayList.java:1511)
at org.testng.TestRunner.privateRun(TestRunner.java:794)
at org.testng.TestRunner.run(TestRunner.java:596)
at org.testng.SuiteRunner.runTest(SuiteRunner.java:377)
at org.testng.SuiteRunner.runSequentially(SuiteRunner.java:371)
at org.testng.SuiteRunner.privateRun(SuiteRunner.java:332)
at org.testng.SuiteRunner.run(SuiteRunner.java:276)
at org.testng.SuiteRunnerWorker.runSuite(SuiteRunnerWorker.java:53)
at org.testng.SuiteRunnerWorker.run(SuiteRunnerWorker.java:96)
at org.testng.TestNG.runSuitesSequentially(TestNG.java:1212)
at org.testng.TestNG.runSuitesLocally(TestNG.java:1134)
at org.testng.TestNG.runSuites(TestNG.java:1063)
at org.testng.TestNG.run(TestNG.java:1031)
at org.testng.remote.AbstractRemoteTestNG.run(AbstractRemoteTestNG.java:115)
at org.testng.remote.RemoteTestNG.initAndRun(RemoteTestNG.java:251)
at org.testng.remote.RemoteTestNG.main(RemoteTestNG.java:77)
]]>
            </full-stacktrace>
          </exception> <!-- java.lang.AssertionError -->
          <reporter-output>
          </reporter-output>
        </test-method> <!-- Logintest2 -->
        <test-method is-config="true" signature="GetResult(org.testng.ITestResult)[pri:0, instance:Session49_ExtentReport.ConfigExtentReport@f78a47e]" started-at="2024-05-28T03:51:31 IST" name="GetResult" finished-at="2024-05-28T03:51:35 IST" duration-ms="3942" status="PASS">
          <params>
            <param index="0">
              <value>
                <![CDATA[[TestResult name=Logintest2 status=FAILURE method=ConfigExtentReport.Logintest2()[pri:0, instance:Session49_ExtentReport.ConfigExtentReport@f78a47e] output={null}]]]>
              </value>
            </param>
          </params>
          <reporter-output>
          </reporter-output>
        </test-method> <!-- GetResult -->
        <test-method is-config="true" signature="closetest()[pri:0, instance:Session49_ExtentReport.ConfigExtentReport@f78a47e]" started-at="2024-05-28T03:51:35 IST" name="closetest" finished-at="2024-05-28T03:51:36 IST" duration-ms="718" status="PASS">
          <reporter-output>
          </reporter-output>
        </test-method> <!-- closetest -->
      </class> <!-- Session49_ExtentReport.ConfigExtentReport -->
    </test> <!-- Default test -->
  </suite> <!-- Default suite -->
</testng-results>
