<?xml version="1.0" encoding="UTF-8"?>
<testng-results ignored="0" total="1" passed="1" failed="0" skipped="0">
  <reporter-output>
  </reporter-output>
  <suite started-at="2023-09-19T00:39:46 IST" name="Default suite" finished-at="2023-09-19T00:39:53 IST" duration-ms="7079">
    <groups>
    </groups>
    <test started-at="2023-09-19T00:39:46 IST" name="Default test" finished-at="2023-09-19T00:39:53 IST" duration-ms="7079">
      <class name="Session39_POM.CallPOM">
        <test-method signature="loginPage()[pri:0, instance:Session39_POM.CallPOM@6253c26]" started-at="2023-09-19T00:39:46 IST" name="loginPage" finished-at="2023-09-19T00:39:53 IST" duration-ms="6996" status="PASS">
          <reporter-output>
          </reporter-output>
        </test-method> <!-- loginPage -->
      </class> <!-- Session39_POM.CallPOM -->
    </test> <!-- Default test -->
  </suite> <!-- Default suite -->
</testng-results>
